<?xml version="1.0" encoding="UTF-8"?>
<!-- Generated by org.testng.reporters.JUnitXMLReporter -->
<testsuite ignored="0" hostname="LAPTOP-BKFOAL1M" failures="1" tests="1" name="Test" time="23.972" errors="0" timestamp="2023-07-21T09:47:49 IST">
  <testcase classname="TestLayer.RegisterUserPageTest" name="validateRegisterUserFun" time="0.319">
    <failure type="java.lang.Error" message="Unresolved compilation problem: 
	clickcalender cannot be resolved to a variable
">
      <![CDATA[java.lang.Error: Unresolved compilation problem: 
clickcalender cannot be resolved to a variable

at PageLayer.RegisterUserPage.RegisterUserPageFunctionality(RegisterUserPage.java:70)
at TestLayer.RegisterUserPageTest.validateRegisterUserFun(RegisterUserPageTest.java:21)
at java.base/java.util.ArrayList.forEach(ArrayList.java:1511)
... Removed 27 stack frames]]>
    </failure>
  </testcase> <!-- validateRegisterUserFun -->
</testsuite> <!-- Test -->
