<?xml version="1.0" encoding="UTF-8"?>
<testng-results ignored="0" total="1" passed="1" failed="0" skipped="0">
  <reporter-output>
  </reporter-output>
  <suite started-at="2023-07-21T10:12:06 IST" name="Default suite" finished-at="2023-07-21T10:12:35 IST" duration-ms="28537">
    <groups>
    </groups>
    <test started-at="2023-07-21T10:12:06 IST" name="Default test" finished-at="2023-07-21T10:12:35 IST" duration-ms="28537">
      <class name="TestLayer.RegisterUserPageTest">
        <test-method is-config="true" signature="setUp()[pri:0, instance:TestLayer.RegisterUserPageTest@6bd61f98]" started-at="2023-07-21T10:12:06 IST" name="setUp" finished-at="2023-07-21T10:12:23 IST" duration-ms="16311" status="PASS">
          <reporter-output>
          </reporter-output>
        </test-method> <!-- setUp -->
        <test-method signature="validateRegisterUserFun()[pri:0, instance:TestLayer.RegisterUserPageTest@6bd61f98]" started-at="2023-07-21T10:12:23 IST" name="validateRegisterUserFun" finished-at="2023-07-21T10:12:35 IST" duration-ms="12117" status="PASS">
          <reporter-output>
          </reporter-output>
        </test-method> <!-- validateRegisterUserFun -->
      </class> <!-- TestLayer.RegisterUserPageTest -->
    </test> <!-- Default test -->
  </suite> <!-- Default suite -->
</testng-results>
